2014-07-12 15:39:41.804 Lam Test[30187:70b] Multi-tasking -> Device: YES, App: YES
2014-07-12 15:39:41.830 Lam Test[30187:70b] Unlimited access to network resources
2014-07-12 15:39:41.835 Lam Test[30187:70b] 

Started backup to iCloud! Please be careful.
Your application might rejected by Apple if you store too much data.
For more information please read "iOS Data Storage Guidelines"
You could find it at the following address https://developer.apple.com/icloud/documentation/data-storage/ .

2014-07-12 15:39:42.231 Lam Test[30187:70b] Resetting plugins due to page load.
2014-07-12 15:39:42.349 Lam Test[30187:70b] Finished load of: file:///Users/henry/Library/Application%20Support/iPhone%20Simulator/7.1/Applications/925D1ED7-10F6-41A9-8069-BB6FC44BD96F/Lam%20Test.app/www/index.html
2014-07-12 15:41:22.520 Lam Test[30489:70b] Multi-tasking -> Device: YES, App: YES
2014-07-12 15:41:22.531 Lam Test[30489:70b] Unlimited access to network resources
2014-07-12 15:41:22.535 Lam Test[30489:70b] 

Started backup to iCloud! Please be careful.
Your application might rejected by Apple if you store too much data.
For more information please read "iOS Data Storage Guidelines"
You could find it at the following address https://developer.apple.com/icloud/documentation/data-storage/ .

2014-07-12 15:41:22.692 Lam Test[30489:70b] Resetting plugins due to page load.
2014-07-12 15:41:22.788 Lam Test[30489:70b] Finished load of: file:///Users/henry/Library/Application%20Support/iPhone%20Simulator/7.1/Applications/925D1ED7-10F6-41A9-8069-BB6FC44BD96F/Lam%20Test.app/www/index.html
Terminating in response to SpringBoard's termination.
2014-07-12 16:06:03.602 Lam Test[30893:70b] Multi-tasking -> Device: YES, App: YES
2014-07-12 16:06:03.615 Lam Test[30893:70b] Unlimited access to network resources
2014-07-12 16:06:03.619 Lam Test[30893:70b] 

Started backup to iCloud! Please be careful.
Your application might rejected by Apple if you store too much data.
For more information please read "iOS Data Storage Guidelines"
You could find it at the following address https://developer.apple.com/icloud/documentation/data-storage/ .

2014-07-12 16:06:03.796 Lam Test[30893:70b] Resetting plugins due to page load.
2014-07-12 16:06:03.933 Lam Test[30893:70b] Finished load of: file:///Users/henry/Library/Application%20Support/iPhone%20Simulator/7.1/Applications/925D1ED7-10F6-41A9-8069-BB6FC44BD96F/Lam%20Test.app/www/index.html
